2022-09-22 16:56:02,717:INFO:Args:
2022-09-22 16:56:02,717:INFO:--> backbone: yolox_darknet53
2022-09-22 16:56:02,717:INFO:--> data_aug: True
2022-09-22 16:56:02,717:INFO:--> device_target: GPU
2022-09-22 16:56:02,717:INFO:--> outputs_dir: ./2022-09-22_time_16_56_02
2022-09-22 16:56:02,718:INFO:--> save_graphs: False
2022-09-22 16:56:02,718:INFO:--> lr_scheduler: yolox_warm_cos_lr
2022-09-22 16:56:02,718:INFO:--> max_epoch: 85
2022-09-22 16:56:02,718:INFO:--> total_epoch: 100
2022-09-22 16:56:02,718:INFO:--> data_dir: /dataset/coco2017
2022-09-22 16:56:02,718:INFO:--> yolox_no_aug_ckpt: 
2022-09-22 16:56:02,718:INFO:--> need_profiler: 0
2022-09-22 16:56:02,718:INFO:--> pretrained: 
2022-09-22 16:56:02,718:INFO:--> resume_yolox: 
2022-09-22 16:56:02,718:INFO:--> flip_prob: 0.5
2022-09-22 16:56:02,718:INFO:--> hsv_prob: 1.0
2022-09-22 16:56:02,719:INFO:--> per_batch_size: 8
2022-09-22 16:56:02,719:INFO:--> depth_wise: False
2022-09-22 16:56:02,719:INFO:--> max_gt: 48
2022-09-22 16:56:02,719:INFO:--> num_classes: 80
2022-09-22 16:56:02,719:INFO:--> input_size: [640, 640]
2022-09-22 16:56:02,719:INFO:--> fpn_strides: [8, 16, 32]
2022-09-22 16:56:02,719:INFO:--> use_l1: False
2022-09-22 16:56:02,719:INFO:--> use_syc_bn: True
2022-09-22 16:56:02,719:INFO:--> n_candidate_k: 10
2022-09-22 16:56:02,719:INFO:--> lr: 0.01
2022-09-22 16:56:02,719:INFO:--> min_lr_ratio: 0.01
2022-09-22 16:56:02,720:INFO:--> warmup_epochs: 5
2022-09-22 16:56:02,720:INFO:--> weight_decay: 0.0005
2022-09-22 16:56:02,720:INFO:--> momentum: 0.9
2022-09-22 16:56:02,720:INFO:--> no_aug_epochs: 15
2022-09-22 16:56:02,720:INFO:--> log_interval: 56
2022-09-22 16:56:02,720:INFO:--> ckpt_interval: -1
2022-09-22 16:56:02,720:INFO:--> is_save_on_master: 1
2022-09-22 16:56:02,720:INFO:--> is_distributed: 0
2022-09-22 16:56:02,720:INFO:--> rank: 0
2022-09-22 16:56:02,720:INFO:--> group_size: 1
2022-09-22 16:56:02,721:INFO:--> bind_cpu: True
2022-09-22 16:56:02,721:INFO:--> device_num: 8
2022-09-22 16:56:02,721:INFO:--> enable_modelarts: False
2022-09-22 16:56:02,721:INFO:--> need_modelarts_dataset_unzip: True
2022-09-22 16:56:02,721:INFO:--> modelarts_dataset_unzip_name: coco2017
2022-09-22 16:56:02,721:INFO:--> data_url: 
2022-09-22 16:56:02,721:INFO:--> train_url: 
2022-09-22 16:56:02,721:INFO:--> checkpoint_url: 
2022-09-22 16:56:02,721:INFO:--> data_path: /home/work/user-job-dir/inputs/data/
2022-09-22 16:56:02,721:INFO:--> output_path: /home/work/user-job-dir/outputs/model/
2022-09-22 16:56:02,721:INFO:--> load_path: /cache/checkpoint_path
2022-09-22 16:56:02,721:INFO:--> ckpt_path: ./
2022-09-22 16:56:02,722:INFO:--> log_path: val/outputs/
2022-09-22 16:56:02,722:INFO:--> val_ckpt: 0-2755_64.ckpt
2022-09-22 16:56:02,722:INFO:--> conf_thre: 0.001
2022-09-22 16:56:02,722:INFO:--> nms_thre: 0.65
2022-09-22 16:56:02,722:INFO:--> result_path: 
2022-09-22 16:56:02,722:INFO:--> file_format: MINDIR
2022-09-22 16:56:02,722:INFO:--> export_bs: 1
2022-09-22 16:56:02,722:INFO:--> interval: 5
2022-09-22 16:56:02,722:INFO:--> run_eval: True
2022-09-22 16:56:02,722:INFO:--> start_epoch: 0
2022-09-22 16:56:02,722:INFO:--> end_epoch: 300
2022-09-22 16:56:02,722:INFO:--> ema: True
2022-09-22 16:56:02,722:INFO:--> config_path: /code/model_utils/../default_config.yaml
2022-09-22 16:56:02,722:INFO:--> data_root: /dataset/coco2017/train2017
2022-09-22 16:56:02,722:INFO:--> annFile: /dataset/coco2017/annotations/instances_train2017.json
2022-09-22 16:56:02,723:INFO:--> logger: <LOGGER yolox (NOTSET)>
2022-09-22 16:56:02,723:INFO:
2022-09-22 16:56:02,754:INFO:Args:
2022-09-22 16:56:02,754:INFO:--> backbone: yolox_darknet53
2022-09-22 16:56:02,754:INFO:--> data_aug: True
2022-09-22 16:56:02,754:INFO:--> device_target: GPU
2022-09-22 16:56:02,755:INFO:--> outputs_dir: ./2022-09-22_time_16_56_02
2022-09-22 16:56:02,755:INFO:--> save_graphs: False
2022-09-22 16:56:02,755:INFO:--> lr_scheduler: yolox_warm_cos_lr
2022-09-22 16:56:02,755:INFO:--> max_epoch: 85
2022-09-22 16:56:02,755:INFO:--> total_epoch: 100
2022-09-22 16:56:02,755:INFO:--> data_dir: /dataset/coco2017
2022-09-22 16:56:02,755:INFO:--> yolox_no_aug_ckpt: 
2022-09-22 16:56:02,755:INFO:--> need_profiler: 0
2022-09-22 16:56:02,755:INFO:--> pretrained: 
2022-09-22 16:56:02,755:INFO:--> resume_yolox: 
2022-09-22 16:56:02,755:INFO:--> flip_prob: 0.5
2022-09-22 16:56:02,755:INFO:--> hsv_prob: 1.0
2022-09-22 16:56:02,755:INFO:--> per_batch_size: 8
2022-09-22 16:56:02,755:INFO:--> depth_wise: False
2022-09-22 16:56:02,755:INFO:--> max_gt: 48
2022-09-22 16:56:02,756:INFO:--> num_classes: 80
2022-09-22 16:56:02,756:INFO:--> input_size: [640, 640]
2022-09-22 16:56:02,756:INFO:--> fpn_strides: [8, 16, 32]
2022-09-22 16:56:02,756:INFO:--> use_l1: False
2022-09-22 16:56:02,756:INFO:--> use_syc_bn: False
2022-09-22 16:56:02,756:INFO:--> n_candidate_k: 10
2022-09-22 16:56:02,756:INFO:--> lr: 0.01
2022-09-22 16:56:02,756:INFO:--> min_lr_ratio: 0.01
2022-09-22 16:56:02,756:INFO:--> warmup_epochs: 5
2022-09-22 16:56:02,756:INFO:--> weight_decay: 0.0005
2022-09-22 16:56:02,756:INFO:--> momentum: 0.9
2022-09-22 16:56:02,756:INFO:--> no_aug_epochs: 15
2022-09-22 16:56:02,756:INFO:--> log_interval: 56
2022-09-22 16:56:02,756:INFO:--> ckpt_interval: -1
2022-09-22 16:56:02,756:INFO:--> is_save_on_master: 1
2022-09-22 16:56:02,756:INFO:--> is_distributed: 0
2022-09-22 16:56:02,757:INFO:--> rank: 0
2022-09-22 16:56:02,757:INFO:--> group_size: 1
2022-09-22 16:56:02,757:INFO:--> bind_cpu: True
2022-09-22 16:56:02,757:INFO:--> device_num: 8
2022-09-22 16:56:02,757:INFO:--> enable_modelarts: False
2022-09-22 16:56:02,757:INFO:--> need_modelarts_dataset_unzip: True
2022-09-22 16:56:02,757:INFO:--> modelarts_dataset_unzip_name: coco2017
2022-09-22 16:56:02,757:INFO:--> data_url: 
2022-09-22 16:56:02,757:INFO:--> train_url: 
2022-09-22 16:56:02,757:INFO:--> checkpoint_url: 
2022-09-22 16:56:02,757:INFO:--> data_path: /home/work/user-job-dir/inputs/data/
2022-09-22 16:56:02,757:INFO:--> output_path: /home/work/user-job-dir/outputs/model/
2022-09-22 16:56:02,757:INFO:--> load_path: /cache/checkpoint_path
2022-09-22 16:56:02,757:INFO:--> ckpt_path: ./
2022-09-22 16:56:02,757:INFO:--> log_path: val/outputs/
2022-09-22 16:56:02,758:INFO:--> val_ckpt: 0-2755_64.ckpt
2022-09-22 16:56:02,758:INFO:--> conf_thre: 0.001
2022-09-22 16:56:02,758:INFO:--> nms_thre: 0.65
2022-09-22 16:56:02,758:INFO:--> result_path: 
2022-09-22 16:56:02,758:INFO:--> file_format: MINDIR
2022-09-22 16:56:02,758:INFO:--> export_bs: 1
2022-09-22 16:56:02,758:INFO:--> interval: 5
2022-09-22 16:56:02,758:INFO:--> run_eval: True
2022-09-22 16:56:02,758:INFO:--> start_epoch: 0
2022-09-22 16:56:02,758:INFO:--> end_epoch: 300
2022-09-22 16:56:02,758:INFO:--> ema: True
2022-09-22 16:56:02,758:INFO:--> config_path: /code/model_utils/../default_config.yaml
2022-09-22 16:56:02,758:INFO:--> data_root: /dataset/coco2017/train2017
2022-09-22 16:56:02,758:INFO:--> annFile: /dataset/coco2017/annotations/instances_train2017.json
2022-09-22 16:56:02,758:INFO:--> logger: <LOGGER yolox (NOTSET)>
2022-09-22 16:56:02,759:INFO:--> rank_save_ckpt_flag: 1
2022-09-22 16:56:02,759:INFO:
2022-09-22 16:56:06,570:INFO:Training backbone is: yolox_darknet53
2022-09-22 16:56:07,866:INFO:Network weights have been initialized...
2022-09-22 16:56:07,871:INFO:Finish getting network...
2022-09-22 16:56:24,059:INFO:Finish loading the val dataset!
2022-09-22 16:56:24,059:INFO:Finish loading training dataset! batch size:8
2022-09-22 16:56:25,773:INFO:14785 steps for one epoch.
2022-09-22 16:56:26,482:INFO:Learning rate scheduler:yolox_warm_cos_lr, base_lr:0.01, min lr ratio:0.01
2022-09-22 16:56:27,067:INFO:Add ema model
2022-09-22 16:56:27,552:INFO:Epoch number:85
2022-09-22 16:56:27,553:INFO:All steps number:1256725
2022-09-22 16:56:27,553:INFO:==================Start Training=========================
